2023-11-07T08:56:21+00:00 CRITICAL syntax error, unexpected ';' in C:\OpenServer\domains\TestWork\wp-content\themes\TestWork\functions.php on line 22

2023-11-07T08:56:25+00:00 CRITICAL syntax error, unexpected ';' in C:\OpenServer\domains\TestWork\wp-content\themes\TestWork\functions.php on line 22

2023-11-07T10:45:37+00:00 CRITICAL Uncaught Error: Call to undefined function test() in C:\OpenServer\domains\TestWork\wp-content\themes\TestWork\templates\create-product.php:41
Stack trace:
#0 C:\OpenServer\domains\TestWork\wp-includes\template-loader.php(106): include()
#1 C:\OpenServer\domains\TestWork\wp-blog-header.php(19): require_once('C:\\OpenServer\\d...')
#2 C:\OpenServer\domains\TestWork\index.php(17): require('C:\\OpenServer\\d...')
#3 {main}
  thrown in C:\OpenServer\domains\TestWork\wp-content\themes\TestWork\templates\create-product.php on line 41

2023-11-07T10:45:51+00:00 CRITICAL Uncaught Error: Call to undefined function test() in C:\OpenServer\domains\TestWork\wp-content\themes\TestWork\templates\create-product.php:41
Stack trace:
#0 C:\OpenServer\domains\TestWork\wp-includes\template-loader.php(106): include()
#1 C:\OpenServer\domains\TestWork\wp-blog-header.php(19): require_once('C:\\OpenServer\\d...')
#2 C:\OpenServer\domains\TestWork\index.php(17): require('C:\\OpenServer\\d...')
#3 {main}
  thrown in C:\OpenServer\domains\TestWork\wp-content\themes\TestWork\templates\create-product.php on line 41

2023-11-07T12:31:43+00:00 CRITICAL syntax error, unexpected end of file in C:\OpenServer\domains\TestWork\wp-content\themes\TestWork\functions.php on line 255

2023-11-07T12:31:56+00:00 CRITICAL syntax error, unexpected end of file in C:\OpenServer\domains\TestWork\wp-content\themes\TestWork\functions.php on line 255

2023-11-07T12:31:59+00:00 CRITICAL syntax error, unexpected end of file in C:\OpenServer\domains\TestWork\wp-content\themes\TestWork\functions.php on line 255

2023-11-07T12:32:16+00:00 CRITICAL syntax error, unexpected end of file in C:\OpenServer\domains\TestWork\wp-content\themes\TestWork\functions.php on line 255

2023-11-07T12:32:19+00:00 CRITICAL syntax error, unexpected end of file in C:\OpenServer\domains\TestWork\wp-content\themes\TestWork\functions.php on line 255

